#
# There is insufficient memory for the Java Runtime Environment to continue.
# Native memory allocation (malloc) failed to allocate 1066704 bytes for Chunk::new
# Possible reasons:
#   The system is out of physical RAM or swap space
#   In 32 bit mode, the process size limit was hit
# Possible solutions:
#   Reduce memory load on the system
#   Increase physical memory or swap space
#   Check if swap backing store is full
#   Use 64 bit Java on a 64 bit OS
#   Decrease Java heap size (-Xmx/-Xms)
#   Decrease number of Java threads
#   Decrease Java thread stack sizes (-Xss)
#   Set larger code cache with -XX:ReservedCodeCacheSize=
# This output file may be truncated or incomplete.
#
#  Out of Memory Error (allocation.cpp:390), pid=110768, tid=0x000000000001b17c
#
# JRE version: Java(TM) SE Runtime Environment (8.0_111-b14) (build 1.8.0_111-b14)
# Java VM: Java HotSpot(TM) 64-Bit Server VM (25.111-b14 mixed mode windows-amd64 compressed oops)
# Failed to write core dump. Minidumps are not enabled by default on client versions of Windows
#

---------------  T H R E A D  ---------------

Current thread (0x0000000019e43000):  JavaThread "C2 CompilerThread0" daemon [_thread_in_native, id=110972, stack(0x000000001b590000,0x000000001b690000)]

Stack: [0x000000001b590000,0x000000001b690000]
[error occurred during error reporting (printing stack bounds), id 0xc0000005]

Native frames: (J=compiled Java code, j=interpreted, Vv=VM code, C=native code)


Current CompileTask:
C2:   3222 1615       4       com.sun.tools.javac.code.Types::union (166 bytes)


---------------  P R O C E S S  ---------------

Java Threads: ( => current thread )
  0x000000001b69a800 JavaThread "Service Thread" daemon [_thread_blocked, id=111668, stack(0x000000001bc90000,0x000000001bd90000)]
  0x000000001b694800 JavaThread "C1 CompilerThread2" daemon [_thread_in_vm, id=113216, stack(0x000000001bb90000,0x000000001bc90000)]
  0x000000001b692000 JavaThread "C2 CompilerThread1" daemon [_thread_in_native, id=108908, stack(0x000000001ba90000,0x000000001bb90000)]
=>0x0000000019e43000 JavaThread "C2 CompilerThread0" daemon [_thread_in_native, id=110972, stack(0x000000001b590000,0x000000001b690000)]
  0x0000000019e41000 JavaThread "Attach Listener" daemon [_thread_blocked, id=110968, stack(0x000000001b490000,0x000000001b590000)]
  0x0000000019e40000 JavaThread "Signal Dispatcher" daemon [_thread_blocked, id=111948, stack(0x000000001b390000,0x000000001b490000)]
  0x0000000002d6e800 JavaThread "Finalizer" daemon [_thread_blocked, id=113608, stack(0x000000001b1a0000,0x000000001b2a0000)]
  0x0000000002d65000 JavaThread "Reference Handler" daemon [_thread_blocked, id=110052, stack(0x000000001afa0000,0x000000001b0a0000)]
  0x0000000002c76000 JavaThread "main" [_thread_in_Java, id=113392, stack(0x0000000002a80000,0x0000000002b80000)]

Other Threads:
  0x0000000019e07000 VMThread [stack: 0x000000001aea0000,0x000000001afa0000] [id=112588]
  0x000000001b69f000 WatcherThread [stack: 0x000000001bd90000,0x000000001be90000] [id=113296]

VM state:not at safepoint (normal execution)

VM Mutex/Monitor currently owned by a thread: None

Heap:
 PSYoungGen      total 25600K, used 10437K [0x0000000780600000, 0x0000000782c80000, 0x00000007c0000000)
  eden space 16896K, 37% used [0x0000000780600000,0x0000000780c428c0,0x0000000781680000)
  from space 8704K, 46% used [0x0000000781f80000,0x000000078236ee40,0x0000000782800000)
  to   space 9216K, 0% used [0x0000000781680000,0x0000000781680000,0x0000000781f80000)
 ParOldGen       total 23552K, used 14085K [0x0000000701200000, 0x0000000702900000, 0x0000000780600000)
  object space 23552K, 59% used [0x0000000701200000,0x0000000701fc17e8,0x0000000702900000)
 Metaspace       used 9824K, capacity 10110K, committed 10368K, reserved 1058816K
  class space    used 1094K, capacity 1138K, committed 1152K, reserved 1048576K

Card table byte_map: [0x0000000012130000,0x0000000012730000] byte_map_base: 0x000000000e927000

Marking Bits: (ParMarkBitMap*) 0x0000000068eca6c0
 Begin Bits: [0x0000000012f30000, 0x0000000015ee8000)
 End Bits:   [0x0000000015ee8000, 0x0000000018ea0000)

Polling page: 0x00000000012a0000

CodeCache: size=245760Kb used=7569Kb max_used=7572Kb free=238190Kb
 bounds [0x0000000002d70000, 0x00000000034e0000, 0x0000000011d70000]
 total_blobs=2177 nmethods=1878 adapters=210
 compilation: enabled

Compilation events (10 events):
Event: 3.214 Thread 0x000000001b692000 nmethod 1869 0x00000000034d95d0 code [0x00000000034d9780, 0x00000000034d9b58]
Event: 3.214 Thread 0x000000001b692000 1872       4       com.sun.tools.javac.code.Symbol::erasure (24 bytes)
Event: 3.216 Thread 0x000000001b694800 1875       3       com.sun.tools.javac.jvm.Items$LocalItem::<init> (37 bytes)
Event: 3.217 Thread 0x000000001b694800 nmethod 1875 0x00000000034d2d50 code [0x00000000034d2f00, 0x00000000034d33d8]
Event: 3.217 Thread 0x000000001b694800 1876       3       com.sun.tools.javac.jvm.Code::truncate (32 bytes)
Event: 3.217 Thread 0x000000001b694800 nmethod 1876 0x00000000034d9290 code [0x00000000034d93e0, 0x00000000034d9530]
Event: 3.217 Thread 0x000000001b692000 nmethod 1872 0x00000000034d7710 code [0x00000000034d7860, 0x00000000034d7a38]
Event: 3.218 Thread 0x000000001b692000 1877       4       com.sun.tools.javac.jvm.Code::typecode (141 bytes)
Event: 3.219 Thread 0x000000001b692000 nmethod 1877 0x00000000034d8e90 code [0x00000000034d9080, 0x00000000034d9178]
Event: 3.219 Thread 0x000000001b692000 1878       4       com.sun.tools.javac.code.Types::isSameType (38 bytes)

GC Heap History (10 events):
Event: 1.439 GC heap before
{Heap before GC invocations=8 (full 1):
 PSYoungGen      total 13824K, used 2544K [0x0000000780600000, 0x0000000782600000, 0x00000007c0000000)
  eden space 11264K, 0% used [0x0000000780600000,0x0000000780600000,0x0000000781100000)
  from space 2560K, 99% used [0x0000000781100000,0x000000078137c260,0x0000000781380000)
  to   space 5120K, 0% used [0x0000000782100000,0x0000000782100000,0x0000000782600000)
 ParOldGen       total 7680K, used 7387K [0x0000000701200000, 0x0000000701980000, 0x0000000780600000)
  object space 7680K, 96% used [0x0000000701200000,0x0000000701936db0,0x0000000701980000)
 Metaspace       used 7609K, capacity 8372K, committed 8704K, reserved 1056768K
  class space    used 903K, capacity 944K, committed 1024K, reserved 1048576K
Event: 1.572 GC heap after
Heap after GC invocations=8 (full 1):
 PSYoungGen      total 13824K, used 2029K [0x0000000780600000, 0x0000000782600000, 0x00000007c0000000)
  eden space 11264K, 0% used [0x0000000780600000,0x0000000780600000,0x0000000781100000)
  from space 2560K, 79% used [0x0000000781100000,0x00000007812fb4b8,0x0000000781380000)
  to   space 5120K, 0% used [0x0000000782100000,0x0000000782100000,0x0000000782600000)
 ParOldGen       total 14336K, used 7644K [0x0000000701200000, 0x0000000702000000, 0x0000000780600000)
  object space 14336K, 53% used [0x0000000701200000,0x0000000701977218,0x0000000702000000)
 Metaspace       used 7609K, capacity 8372K, committed 8704K, reserved 1056768K
  class space    used 903K, capacity 944K, committed 1024K, reserved 1048576K
}
Event: 1.718 GC heap before
{Heap before GC invocations=9 (full 1):
 PSYoungGen      total 13824K, used 13293K [0x0000000780600000, 0x0000000782600000, 0x00000007c0000000)
  eden space 11264K, 100% used [0x0000000780600000,0x0000000781100000,0x0000000781100000)
  from space 2560K, 79% used [0x0000000781100000,0x00000007812fb4b8,0x0000000781380000)
  to   space 5120K, 0% used [0x0000000782100000,0x0000000782100000,0x0000000782600000)
 ParOldGen       total 14336K, used 7644K [0x0000000701200000, 0x0000000702000000, 0x0000000780600000)
  object space 14336K, 53% used [0x0000000701200000,0x0000000701977218,0x0000000702000000)
 Metaspace       used 7794K, capacity 8500K, committed 8704K, reserved 1056768K
  class space    used 918K, capacity 944K, committed 1024K, reserved 1048576K
Event: 1.728 GC heap after
Heap after GC invocations=9 (full 1):
 PSYoungGen      total 19456K, used 5108K [0x0000000780600000, 0x0000000782600000, 0x00000007c0000000)
  eden space 14336K, 0% used [0x0000000780600000,0x0000000780600000,0x0000000781400000)
  from space 5120K, 99% used [0x0000000782100000,0x00000007825fd248,0x0000000782600000)
  to   space 6656K, 0% used [0x0000000781900000,0x0000000781900000,0x0000000781f80000)
 ParOldGen       total 14336K, used 8724K [0x0000000701200000, 0x0000000702000000, 0x0000000780600000)
  object space 14336K, 60% used [0x0000000701200000,0x0000000701a85218,0x0000000702000000)
 Metaspace       used 7794K, capacity 8500K, committed 8704K, reserved 1056768K
  class space    used 918K, capacity 944K, committed 1024K, reserved 1048576K
}
Event: 1.938 GC heap before
{Heap before GC invocations=10 (full 1):
 PSYoungGen      total 19456K, used 19444K [0x0000000780600000, 0x0000000782600000, 0x00000007c0000000)
  eden space 14336K, 100% used [0x0000000780600000,0x0000000781400000,0x0000000781400000)
  from space 5120K, 99% used [0x0000000782100000,0x00000007825fd248,0x0000000782600000)
  to   space 6656K, 0% used [0x0000000781900000,0x0000000781900000,0x0000000781f80000)
 ParOldGen       total 14336K, used 8724K [0x0000000701200000, 0x0000000702000000, 0x0000000780600000)
  object space 14336K, 60% used [0x0000000701200000,0x0000000701a85218,0x0000000702000000)
 Metaspace       used 8007K, capacity 8692K, committed 8960K, reserved 1056768K
  class space    used 922K, capacity 944K, committed 1024K, reserved 1048576K
Event: 1.951 GC heap after
Heap after GC invocations=10 (full 1):
 PSYoungGen      total 24064K, used 6631K [0x0000000780600000, 0x0000000782800000, 0x00000007c0000000)
  eden space 17408K, 0% used [0x0000000780600000,0x0000000780600000,0x0000000781700000)
  from space 6656K, 99% used [0x0000000781900000,0x0000000781f79e50,0x0000000781f80000)
  to   space 8704K, 0% used [0x0000000781f80000,0x0000000781f80000,0x0000000782800000)
 ParOldGen       total 14336K, used 10065K [0x0000000701200000, 0x0000000702000000, 0x0000000780600000)
  object space 14336K, 70% used [0x0000000701200000,0x0000000701bd4688,0x0000000702000000)
 Metaspace       used 8007K, capacity 8692K, committed 8960K, reserved 1056768K
  class space    used 922K, capacity 944K, committed 1024K, reserved 1048576K
}
Event: 2.544 GC heap before
{Heap before GC invocations=11 (full 1):
 PSYoungGen      total 24064K, used 24039K [0x0000000780600000, 0x0000000782800000, 0x00000007c0000000)
  eden space 17408K, 100% used [0x0000000780600000,0x0000000781700000,0x0000000781700000)
  from space 6656K, 99% used [0x0000000781900000,0x0000000781f79e50,0x0000000781f80000)
  to   space 8704K, 0% used [0x0000000781f80000,0x0000000781f80000,0x0000000782800000)
 ParOldGen       total 14336K, used 10065K [0x0000000701200000, 0x0000000702000000, 0x0000000780600000)
  object space 14336K, 70% used [0x0000000701200000,0x0000000701bd4688,0x0000000702000000)
 Metaspace       used 9429K, capacity 9822K, committed 10112K, reserved 1058816K
  class space    used 1055K, capacity 1106K, committed 1152K, reserved 1048576K
Event: 2.564 GC heap after
Heap after GC invocations=11 (full 1):
 PSYoungGen      total 25600K, used 5659K [0x0000000780600000, 0x0000000782c80000, 0x00000007c0000000)
  eden space 16896K, 0% used [0x0000000780600000,0x0000000780600000,0x0000000781680000)
  from space 8704K, 65% used [0x0000000781f80000,0x0000000782506ff8,0x0000000782800000)
  to   space 9216K, 0% used [0x0000000781680000,0x0000000781680000,0x0000000781f80000)
 ParOldGen       total 14336K, used 13858K [0x0000000701200000, 0x0000000702000000, 0x0000000780600000)
  object space 14336K, 96% used [0x0000000701200000,0x0000000701f88bf8,0x0000000702000000)
 Metaspace       used 9429K, capacity 9822K, committed 10112K, reserved 1058816K
  class space    used 1055K, capacity 1106K, committed 1152K, reserved 1048576K
}
Event: 2.564 GC heap before
{Heap before GC invocations=12 (full 2):
 PSYoungGen      total 25600K, used 5659K [0x0000000780600000, 0x0000000782c80000, 0x00000007c0000000)
  eden space 16896K, 0% used [0x0000000780600000,0x0000000780600000,0x0000000781680000)
  from space 8704K, 65% used [0x0000000781f80000,0x0000000782506ff8,0x0000000782800000)
  to   space 9216K, 0% used [0x0000000781680000,0x0000000781680000,0x0000000781f80000)
 ParOldGen       total 14336K, used 13858K [0x0000000701200000, 0x0000000702000000, 0x0000000780600000)
  object space 14336K, 96% used [0x0000000701200000,0x0000000701f88bf8,0x0000000702000000)
 Metaspace       used 9429K, capacity 9822K, committed 10112K, reserved 1058816K
  class space    used 1055K, capacity 1106K, committed 1152K, reserved 1048576K
Event: 2.734 GC heap after
Heap after GC invocations=12 (full 2):
 PSYoungGen      total 25600K, used 4027K [0x0000000780600000, 0x0000000782c80000, 0x00000007c0000000)
  eden space 16896K, 0% used [0x0000000780600000,0x0000000780600000,0x0000000781680000)
  from space 8704K, 46% used [0x0000000781f80000,0x000000078236ee40,0x0000000782800000)
  to   space 9216K, 0% used [0x0000000781680000,0x0000000781680000,0x0000000781f80000)
 ParOldGen       total 23552K, used 14085K [0x0000000701200000, 0x0000000702900000, 0x0000000780600000)
  object space 23552K, 59% used [0x0000000701200000,0x0000000701fc17e8,0x0000000702900000)
 Metaspace       used 9429K, capacity 9822K, committed 10112K, reserved 1058816K
  class space    used 1055K, capacity 1106K, committed 1152K, reserved 1048576K
}

Deoptimization events (10 events):
Event: 2.508 Thread 0x0000000002c76000 Uncommon trap: reason=class_check action=maybe_recompile pc=0x000000000327db5c method=com.sun.tools.javac.code.Types.rank(Lcom/sun/tools/javac/code/Type;)I @ 131
Event: 2.508 Thread 0x0000000002c76000 Uncommon trap: reason=class_check action=maybe_recompile pc=0x000000000327d998 method=com.sun.tools.javac.code.Types.rank(Lcom/sun/tools/javac/code/Type;)I @ 1
Event: 2.743 Thread 0x0000000002c76000 Uncommon trap: reason=class_check action=maybe_recompile pc=0x00000000033c28a0 method=com.sun.tools.javac.code.Types$13.visitClassType(Lcom/sun/tools/javac/code/Type$ClassType;Lcom/sun/tools/javac/code/Symbol;)Lcom/sun/tools/javac/code/Type; @ 94
Event: 2.760 Thread 0x0000000002c76000 Uncommon trap: reason=class_check action=maybe_recompile pc=0x00000000031a95e0 method=com.sun.tools.javac.code.Type.containsAny(Lcom/sun/tools/javac/util/List;)Z @ 6
Event: 2.768 Thread 0x0000000002c76000 Uncommon trap: reason=class_check action=maybe_recompile pc=0x00000000031a95e0 method=com.sun.tools.javac.code.Type.containsAny(Lcom/sun/tools/javac/util/List;)Z @ 6
Event: 2.771 Thread 0x0000000002c76000 Uncommon trap: reason=class_check action=maybe_recompile pc=0x00000000031a95e0 method=com.sun.tools.javac.code.Type.containsAny(Lcom/sun/tools/javac/util/List;)Z @ 6
Event: 2.772 Thread 0x0000000002c76000 Uncommon trap: reason=class_check action=maybe_recompile pc=0x00000000031a95e0 method=com.sun.tools.javac.code.Type.containsAny(Lcom/sun/tools/javac/util/List;)Z @ 6
Event: 2.796 Thread 0x0000000002c76000 Uncommon trap: reason=predicate action=maybe_recompile pc=0x00000000033d5dc8 method=com.sun.tools.javac.code.Type.containsAny(Lcom/sun/tools/javac/util/List;)Z @ 14
Event: 2.842 Thread 0x0000000002c76000 Uncommon trap: reason=bimorphic action=maybe_recompile pc=0x000000000339b554 method=com.sun.tools.javac.code.Types$19.visitClassType(Lcom/sun/tools/javac/code/Type$ClassType;Ljava/lang/Void;)Lcom/sun/tools/javac/util/List; @ 46
Event: 2.898 Thread 0x0000000002c76000 Uncommon trap: reason=unstable_if action=reinterpret pc=0x00000000033bc6a4 method=com.sun.tools.javac.code.Types$18.visitClassType(Lcom/sun/tools/javac/code/Type$ClassType;Ljava/lang/Void;)Lcom/sun/tools/javac/code/Type; @ 43

Internal exceptions (10 events):
Event: 0.994 Thread 0x0000000002c76000 Exception <a 'java/security/PrivilegedActionException'> (0x0000000780b8a908) thrown at [C:\re\workspace\8-2-build-windows-amd64-cygwin\jdk8u111\7883\hotspot\src\share\vm\prims\jvm.cpp, line 1386]
Event: 0.994 Thread 0x0000000002c76000 Exception <a 'java/security/PrivilegedActionException'> (0x0000000780b8ab18) thrown at [C:\re\workspace\8-2-build-windows-amd64-cygwin\jdk8u111\7883\hotspot\src\share\vm\prims\jvm.cpp, line 1386]
Event: 1.000 Thread 0x0000000002c76000 Exception <a 'java/security/PrivilegedActionException'> (0x0000000780bcb640) thrown at [C:\re\workspace\8-2-build-windows-amd64-cygwin\jdk8u111\7883\hotspot\src\share\vm\prims\jvm.cpp, line 1386]
Event: 1.000 Thread 0x0000000002c76000 Exception <a 'java/security/PrivilegedActionException'> (0x0000000780bcb850) thrown at [C:\re\workspace\8-2-build-windows-amd64-cygwin\jdk8u111\7883\hotspot\src\share\vm\prims\jvm.cpp, line 1386]
Event: 1.373 Thread 0x0000000002c76000 Exception <a 'java/io/FileNotFoundException'> (0x0000000780ca8e40) thrown at [C:\re\workspace\8-2-build-windows-amd64-cygwin\jdk8u111\7883\hotspot\src\share\vm\prims\jni.cpp, line 709]
Event: 1.377 Thread 0x0000000002c76000 Exception <a 'java/io/FileNotFoundException'> (0x0000000780ceaa88) thrown at [C:\re\workspace\8-2-build-windows-amd64-cygwin\jdk8u111\7883\hotspot\src\share\vm\prims\jni.cpp, line 709]
Event: 1.423 Thread 0x0000000002c76000 Exception <a 'java/io/FileNotFoundException'> (0x000000078109adb8) thrown at [C:\re\workspace\8-2-build-windows-amd64-cygwin\jdk8u111\7883\hotspot\src\share\vm\prims\jni.cpp, line 709]
Event: 1.424 Thread 0x0000000002c76000 Exception <a 'java/io/FileNotFoundException'> (0x000000078109bbe0) thrown at [C:\re\workspace\8-2-build-windows-amd64-cygwin\jdk8u111\7883\hotspot\src\share\vm\prims\jni.cpp, line 709]
Event: 1.599 Thread 0x0000000002c76000 Exception <a 'java/io/FileNotFoundException'> (0x00000007808195a0) thrown at [C:\re\workspace\8-2-build-windows-amd64-cygwin\jdk8u111\7883\hotspot\src\share\vm\prims\jni.cpp, line 709]
Event: 1.601 Thread 0x0000000002c76000 Exception <a 'java/io/FileNotFoundException'> (0x0000000780851bf8) thrown at [C:\re\workspace\8-2-build-windows-amd64-cygwin\jdk8u111\7883\hotspot\src\share\vm\prims\jni.cpp, line 709]

Events (10 events):
Event: 2.898 Thread 0x0000000002c76000 DEOPT PACKING pc=0x00000000033bc6a4 sp=0x0000000002b7ddb0
Event: 2.898 Thread 0x0000000002c76000 DEOPT UNPACKING pc=0x0000000002db582a sp=0x0000000002b7dd30 mode 2
Event: 2.928 Executing VM operation: ForceSafepoint
Event: 2.928 Executing VM operation: ForceSafepoint done
Event: 3.016 loading class com/sun/tools/javac/code/Types$DescriptorFilter
Event: 3.016 loading class com/sun/tools/javac/code/Types$DescriptorFilter done
Event: 3.018 loading class com/sun/tools/javac/code/Types$MethodFilter
Event: 3.018 loading class com/sun/tools/javac/code/Types$MethodFilter done
Event: 3.033 loading class com/sun/tools/javac/code/Kinds$1
Event: 3.033 loading class com/sun/tools/javac/code/Kinds$1 done


Dynamic libraries:
0x00007ff7d2520000 - 0x00007ff7d2527000 	C:\Program Files\Java\jdk1.8.0_111\bin\javac.exe
0x00007fff96f60000 - 0x00007fff97132000 	C:\Windows\SYSTEM32\ntdll.dll
0x00007fff969d0000 - 0x00007fff96a7c000 	C:\Windows\System32\KERNEL32.DLL
0x00007fff937d0000 - 0x00007fff939ed000 	C:\Windows\System32\KERNELBASE.dll
0x0000000068240000 - 0x000000006826f000 	C:\Program Files\Java\jdk1.8.0_111\bin\jli.dll
0x0000000068160000 - 0x0000000068232000 	C:\Program Files\Java\jdk1.8.0_111\bin\MSVCR100.dll
0x00007fff94c40000 - 0x00007fff94ce2000 	C:\Windows\System32\ADVAPI32.dll
0x00007fff94ba0000 - 0x00007fff94c3e000 	C:\Windows\System32\msvcrt.dll
0x00007fff962c0000 - 0x00007fff96319000 	C:\Windows\System32\sechost.dll
0x00007fff964c0000 - 0x00007fff965e1000 	C:\Windows\System32\RPCRT4.dll
0x00007fff967c0000 - 0x00007fff96925000 	C:\Windows\System32\USER32.dll
0x00007fff944d0000 - 0x00007fff944ee000 	C:\Windows\System32\win32u.dll
0x00007fff96e90000 - 0x00007fff96ec4000 	C:\Windows\System32\GDI32.dll
0x00007fff939f0000 - 0x00007fff93b70000 	C:\Windows\System32\gdi32full.dll
0x00007fff88b50000 - 0x00007fff88dca000 	C:\Windows\WinSxS\amd64_microsoft.windows.common-controls_6595b64144ccf1df_6.0.14393.953_none_42151e83c686086b\COMCTL32.dll
0x00007fff96a80000 - 0x00007fff96d48000 	C:\Windows\System32\combase.dll
0x00007fff93560000 - 0x00007fff93655000 	C:\Windows\System32\ucrtbase.dll
0x00007fff936c0000 - 0x00007fff9372a000 	C:\Windows\System32\bcryptPrimitives.dll
0x00007fff969a0000 - 0x00007fff969ce000 	C:\Windows\System32\IMM32.DLL
0x00000000685d0000 - 0x00000000686a2000 	C:\Program Files\Java\jdk1.8.0_111\jre\bin\msvcr100.dll
0x00000000686b0000 - 0x0000000068f4a000 	C:\Program Files\Java\jdk1.8.0_111\jre\bin\server\jvm.dll
0x00007fff96f30000 - 0x00007fff96f38000 	C:\Windows\System32\PSAPI.DLL
0x00007fff90140000 - 0x00007fff90149000 	C:\Windows\SYSTEM32\WSOCK32.dll
0x00007fff918d0000 - 0x00007fff918f3000 	C:\Windows\SYSTEM32\WINMM.dll
0x00007fff965f0000 - 0x00007fff9665a000 	C:\Windows\System32\WS2_32.dll
0x00007fff84160000 - 0x00007fff8416a000 	C:\Windows\SYSTEM32\VERSION.dll
0x00007fff918a0000 - 0x00007fff918cb000 	C:\Windows\SYSTEM32\WINMMBASE.dll
0x00007fff93510000 - 0x00007fff93552000 	C:\Windows\System32\cfgmgr32.dll
0x0000000068580000 - 0x000000006858f000 	C:\Program Files\Java\jdk1.8.0_111\jre\bin\verify.dll
0x0000000068550000 - 0x0000000068579000 	C:\Program Files\Java\jdk1.8.0_111\jre\bin\java.dll
0x0000000068530000 - 0x0000000068546000 	C:\Program Files\Java\jdk1.8.0_111\jre\bin\zip.dll
0x00007fff94cf0000 - 0x00007fff961f8000 	C:\Windows\System32\SHELL32.dll
0x00007fff93d40000 - 0x00007fff9441a000 	C:\Windows\System32\windows.storage.dll
0x00007fff933d0000 - 0x00007fff9341c000 	C:\Windows\System32\powrprof.dll
0x00007fff94b40000 - 0x00007fff94b92000 	C:\Windows\System32\shlwapi.dll
0x00007fff93420000 - 0x00007fff9342f000 	C:\Windows\System32\kernel.appcore.dll
0x00007fff93460000 - 0x00007fff93509000 	C:\Windows\System32\shcore.dll
0x00007fff93430000 - 0x00007fff93444000 	C:\Windows\System32\profapi.dll

VM Arguments:
jvm_args: -Denv.class.path=.; -Dapplication.home=C:\Program Files\Java\jdk1.8.0_111 -Xms8m 
java_command: com.sun.tools.javac.Main -d C:\Users\User\Desktop\tugas_pemvis-main\build\classes -classpath C:\Users\User\Desktop\tugas_pemvis-main\build\classes;C:\Users\User\Desktop\tugas_pemvis-main\src\simtravel\lib\activation-1.1.1.jar;C:\Users\User\Desktop\tugas_pemvis-main\src\simtravel\lib\commons-beanutils-1.7.jar;C:\Users\User\Desktop\tugas_pemvis-main\src\simtravel\lib\commons-codec-1.12.jar;C:\Users\User\Desktop\tugas_pemvis-main\src\simtravel\lib\commons-collections-2.1.jar;C:\Users\User\Desktop\tugas_pemvis-main\src\simtravel\lib\commons-collections4-4.3.jar;C:\Users\User\Desktop\tugas_pemvis-main\src\simtravel\lib\commons-compress-1.18.jar;C:\Users\User\Desktop\tugas_pemvis-main\src\simtravel\lib\commons-dbcp-1.2.1.jar;C:\Users\User\Desktop\tugas_pemvis-main\src\simtravel\lib\commons-digester-1.7.jar;C:\Users\User\Desktop\tugas_pemvis-main\src\simtravel\lib\commons-javaflow-20060411.jar;C:\Users\User\Desktop\tugas_pemvis-main\src\simtravel\lib\commons-logging-1.0.2.jar;C:\Users\User\Desktop\tugas_pemvis-main\src\simtravel\lib\commons-logging-1.2.jar;C:\Users\User\Desktop\tugas_pemvis-main\src\simtravel\lib\commons-logging-api-1.0.2.jar;C:\Users\User\Desktop\tugas_pemvis-main\src\simtravel\lib\commons-math-1.0.jar;C:\Users\User\Desktop\tugas_pemvis-main\src\simtravel\lib\commons-math3-3.6.1.jar;C:\Users\User\Desktop\tugas_pemvis-main\src\simtravel\lib\commons-pool-1.3.jar;C:\Users\User\Desktop\tugas_pemvis-main\src\simtravel\lib\commons-vfs-1.0.jar;C:\Users\User\Desktop\tugas_pemvis-main\src\simtravel\lib\curvesapi-1.06.jar;C:\Users\User\Desktop\tugas_pemvis-main\src\simtravel\lib\iReport.jar;C:\Users\User\Desktop\tugas_pemvis-main\src\simtravel\lib\itext-1.3.1.jar;C:\Users\User\Desktop\tugas_pemvis-main\src\simtravel\lib\jasperreports-2.0.5.jar;C:\Users\User\Desktop\tugas_pemvis-main\src\simtravel\lib\jasypt-1.9.0.jar;C:\Users\User\Desktop\tugas_pemvis-main\src\simtravel\lib\javax.mail.jar;C:\Users\User\Desktop\tugas_pemvis-main\src\simtravel\lib\jax
java_class_path (initial): C:\Program Files\Java\jdk1.8.0_111/lib/tools.jar;C:\Program Files\Java\jdk1.8.0_111/classes
Launcher Type: SUN_STANDARD

Environment Variables:
JAVA_HOME=C:\Program Files\Java\jdk1.6.0_45
CLASSPATH=.;
PATH=C:\Python27\;C:\Python27\Scripts;C:\Program Files (x86)\Common Files\Oracle\Java\javapath;C:\Program Files (x86)\Intel\iCLS Client\;C:\Program Files\Intel\iCLS Client\;C:\Windows\system32;C:\Windows;C:\Windows\System32\Wbem;C:\Windows\System32\WindowsPowerShell\v1.0\;C:\Program Files (x86)\Intel\Intel(R) Management Engine Components\DAL;C:\Program Files\Intel\Intel(R) Management Engine Components\DAL;C:\Program Files (x86)\Intel\Intel(R) Management Engine Components\IPT;C:\Program Files\Intel\Intel(R) Management Engine Components\IPT;C:\Program Files (x86)\Java\jdk1.7.0_11\bin;C:\Program Files (x86)\GtkSharp\2.12\bin;C:\Windows\system32\config\systemprofile\.dnx\bin;C:\Program Files\Microsoft DNX\Dnvm\;C:\Program Files\Microsoft SQL Server\130\Tools\Binn\;C:\Program Files (x86)\Microsoft SQL Server\100\Tools\Binn\;C:\Program Files\Microsoft SQL Server\100\Tools\Binn\;C:\Program Files\Microsoft SQL Server\100\DTS\Binn\;C:\Program Files (x86)\Windows Kits\8.1\Windows Performance Toolkit\;C:\Program Files (x86)\Bitvise SSH Client;C:\FPC\3.0.4\bin\i386-Win32;E:\Program Files\Matlab\runtime\win64;E:\Program Files\Matlab\bin;C:\Program Files\dotnet\;C:\Program Files\PowerShell\7\;C:\ProgramData\chocolatey\bin;C:\Program Files\Java\jdk1.8.0_211\bin;E:\Program Files\nodejs\;E:\Program Files\Git\cmd;C:\Users\User\AppData\Local\Microsoft\WindowsApps;;C:\Users\User\AppData\Local\Programs\Microsoft VS Code\bin;C:\Users\User\AppData\Roaming\npm
USERNAME=User
OS=Windows_NT
PROCESSOR_IDENTIFIER=Intel64 Family 6 Model 61 Stepping 4, GenuineIntel



---------------  S Y S T E M  ---------------

OS: Windows 10.0 , 64 bit Build 14393 (10.0.14393.1198)

CPU:total 4 (2 cores per cpu, 2 threads per core) family 6 model 61 stepping 4, cmov, cx8, fxsr, mmx, sse, sse2, sse3, ssse3, sse4.1, sse4.2, popcnt, avx, avx2, aes, clmul, erms, 3dnowpref, lzcnt, ht, tsc, tscinvbit, bmi1, bmi2, adx

Memory: 4k page, physical 12504172k(5865664k free), swap 15356808k(6068k free)

vm_info: Java HotSpot(TM) 64-Bit Server VM (25.111-b14) for windows-amd64 JRE (1.8.0_111-b14), built on Sep 22 2016 19:24:05 by "java_re" with MS VC++ 10.0 (VS2010)

time: Sat Jul 17 18:08:42 2021
elapsed time: 3 seconds (0d 0h 0m 3s)

